#
# A fatal error has been detected by the Java Runtime Environment:
#
#  Internal Error (javaClasses.cpp:129), pid=4220, tid=4216
#  fatal error: Invalid layout of preloaded class
#
# JRE version: 7.0_07-b10
# Java VM: Java HotSpot(TM) Client VM (23.3-b01 mixed mode windows-x86 )
# Failed to write core dump. Minidumps are not enabled by default on client versions of Windows
#
# If you would like to submit a bug report, please visit:
#   http://bugreport.sun.com/bugreport/crash.jsp
#

---------------  T H R E A D  ---------------

Current thread (0x0021b000):  JavaThread "Unknown thread" [_thread_in_vm, id=4216, stack(0x003c0000,0x00410000)]

Stack: [0x003c0000,0x00410000],  sp=0x0040f958,  free space=318k
Native frames: (J=compiled Java code, j=interpreted, Vv=VM code, C=native code)
V  [jvm.dll+0x16f2f1]
V  [jvm.dll+0x169496]
V  [jvm.dll+0x2082f]
V  [jvm.dll+0x208b6]
V  [jvm.dll+0x2e64d]
V  [jvm.dll+0x2e8f9]
V  [jvm.dll+0x77d01]
V  [jvm.dll+0x780bb]
V  [jvm.dll+0x1290e1]
V  [jvm.dll+0x149b8a]
V  [jvm.dll+0xa997f]
C  [javaw.exe+0x1359]
C  [javaw.exe+0x1dbb]
C  [javaw.exe+0xa0eb]
C  [javaw.exe+0xa175]
C  [kernel32.dll+0x1339a]  BaseThreadInitThunk+0x12
C  [ntdll.dll+0x39ef2]  RtlInitializeExceptionChain+0x63
C  [ntdll.dll+0x39ec5]  RtlInitializeExceptionChain+0x36


---------------  P R O C E S S  ---------------

Java Threads: ( => current thread )

Other Threads:

=>0x0021b000 (exited) JavaThread "Unknown thread" [_thread_in_vm, id=4216, stack(0x003c0000,0x00410000)]

VM state:not at safepoint (not fully initialized)

VM Mutex/Monitor currently owned by a thread: None

GC Heap History (0 events):
No events

Deoptimization events (0 events):
No events

Internal exceptions (0 events):
No events

Events (10 events):
Event: 0.024 loading class 0x0021f6e8
Event: 0.024 loading class 0x0021f6e8 done
Event: 0.024 loading class 0x0021f738
Event: 0.025 loading class 0x008d39e8
Event: 0.025 loading class 0x008d39e8 done
Event: 0.025 loading class 0x008f7670
Event: 0.025 loading class 0x008f7670 done
Event: 0.025 loading class 0x0021f738 done
Event: 0.025 loading class 0x0021f710
Event: 0.025 loading class 0x0021f710 done


Dynamic libraries:
0x00f50000 - 0x00f7f000 	C:\Program Files (x86)\Java\jre7\bin\javaw.exe
0x770d0000 - 0x77250000 	C:\Windows\SysWOW64\ntdll.dll
0x74c40000 - 0x74d50000 	C:\Windows\syswow64\kernel32.dll
0x74810000 - 0x74856000 	C:\Windows\syswow64\KERNELBASE.dll
0x75ae0000 - 0x75b80000 	C:\Windows\syswow64\ADVAPI32.dll
0x756a0000 - 0x7574c000 	C:\Windows\syswow64\msvcrt.dll
0x74b30000 - 0x74b49000 	C:\Windows\SysWOW64\sechost.dll
0x74b50000 - 0x74c40000 	C:\Windows\syswow64\RPCRT4.dll
0x747b0000 - 0x74810000 	C:\Windows\syswow64\SspiCli.dll
0x747a0000 - 0x747ac000 	C:\Windows\syswow64\CRYPTBASE.dll
0x75510000 - 0x75610000 	C:\Windows\syswow64\USER32.dll
0x75890000 - 0x75920000 	C:\Windows\syswow64\GDI32.dll
0x770a0000 - 0x770aa000 	C:\Windows\syswow64\LPK.dll
0x75920000 - 0x759bd000 	C:\Windows\syswow64\USP10.dll
0x72d20000 - 0x72ebe000 	C:\Windows\WinSxS\x86_microsoft.windows.common-controls_6595b64144ccf1df_6.0.7601.17514_none_41e6975e2bd6f2b2\COMCTL32.dll
0x759c0000 - 0x75a17000 	C:\Windows\syswow64\SHLWAPI.dll
0x751e0000 - 0x75240000 	C:\Windows\system32\IMM32.DLL
0x74a60000 - 0x74b2c000 	C:\Windows\syswow64\MSCTF.dll
0x72ec0000 - 0x72ef8000 	C:\Windows\SysWOW64\nvinit.dll
0x74350000 - 0x7440e000 	C:\Program Files (x86)\Java\jre7\bin\msvcr100.dll
0x6fbe0000 - 0x6ff2c000 	C:\Program Files (x86)\Java\jre7\bin\client\jvm.dll
0x72040000 - 0x72047000 	C:\Windows\system32\WSOCK32.dll
0x767d0000 - 0x76805000 	C:\Windows\syswow64\WS2_32.dll
0x74a20000 - 0x74a26000 	C:\Windows\syswow64\NSI.dll
0x71ac0000 - 0x71af2000 	C:\Windows\system32\WINMM.dll
0x74de0000 - 0x74de5000 	C:\Windows\syswow64\PSAPI.DLL
0x720f0000 - 0x720fc000 	C:\Program Files (x86)\Java\jre7\bin\verify.dll
0x71ca0000 - 0x71cc0000 	C:\Program Files (x86)\Java\jre7\bin\java.dll
0x71cc0000 - 0x71cd3000 	C:\Program Files (x86)\Java\jre7\bin\zip.dll
0x72790000 - 0x7287b000 	C:\Windows\system32\dbghelp.dll

VM Arguments:
jvm_args: -Dfile.encoding=Cp1250 -Xbootclasspath:C:\leJOSNXJ\lib\nxt\classes.jar 
java_command: HelloWorld
Launcher Type: SUN_STANDARD

Environment Variables:
JAVA_HOME=C:\Program Files (x86)\Java\jdk1.7.0_06
CLASSPATH=.;
PATH=C:/Program Files (x86)/Java/jre7/bin/client;C:/Program Files (x86)/Java/jre7/bin;C:/Program Files (x86)/Java/jre7/lib/i386;C:\Program Files (x86)\NVIDIA Corporation\PhysX\Common;C:\Windows\SYSTEM32;C:\Windows;C:\Windows\SYSTEM32\WBEM;C:\Windows\SYSTEM32\WINDOWSPOWERSHELL\V1.0\;C:\Program Files (x86)\Java\jdk1.7.0_06\bin;C:\VXIPNP\WinNT\Bin;C:\leJOSNXJ\bin;C:\Program Files (x86)\Microsoft SQL Server\100\Tools\Binn\;C:\Program Files\Microsoft SQL Server\100\Tools\Binn\;C:\Program Files\Microsoft SQL Server\100\DTS\Binn\;C:\eclipse;
USERNAME=Salet
OS=Windows_NT
PROCESSOR_IDENTIFIER=Intel64 Family 6 Model 42 Stepping 7, GenuineIntel



---------------  S Y S T E M  ---------------

OS: Windows 7 , 64 bit Build 7601 Service Pack 1

CPU:total 4 (2 cores per cpu, 2 threads per core) family 6 model 42 stepping 7, cmov, cx8, fxsr, mmx, sse, sse2, sse3, ssse3, sse4.1, sse4.2, popcnt, avx, ht, tsc, tscinvbit

Memory: 4k page, physical 4136816k(2175536k free), swap 8271780k(5696184k free)

vm_info: Java HotSpot(TM) Client VM (23.3-b01) for windows-x86 JRE (1.7.0_07-b10), built on Aug 28 2012 19:49:22 by "java_re" with unknown MS VC++:1600

time: Thu Sep 06 09:44:49 2012
elapsed time: 0 seconds

